2019-02-25T11:13:49.905+0800	INFO	logic/logic.go:23		{"ini配置文件生成成功": "path", "default": "/var/folders/xj/1chcrq4x3d36r3mdh40jwvsh0000gp/T/go-build332798219/b001/exe/default.ini"}
2019-02-25T11:15:28.306+0800	INFO	logic/logic.go:23		{"ini配置文件生成成功": "path", "default": "/Users/wangzl/go-work/src/github.com/yezihack/m2m/output/default.ini"}
2019-02-25T11:16:50.676+0800	INFO	logic/logic.go:24		{"ini配置文件生成成功": "path", "default": "/Users/wangzl/go-work/src/github.com/yezihack/m2m/output/default.ini"}
2019-02-25T11:29:26.018+0800	INFO	logic/logic.go:24		{"ini配置文件生成成功": "path", "default": "/Users/wangzl/go-work/src/github.com/yezihack/m2m/output/default.ini"}
2019-02-25T11:31:29.485+0800	INFO	logic/logic.go:24		{"ini配置文件生成成功": "path", "default": "/Users/wangzl/go-work/src/github.com/yezihack/m2m/output/default.ini"}
2019-02-25T11:34:31.319+0800	INFO	logic/logic.go:24		{"ini配置文件生成成功": "path", "default": "/Users/wangzl/go-work/src/github.com/yezihack/m2m/output/default.ini"}
2019-02-25T15:15:12.038+0800	INFO	common/common.go:60		{"ini配置文件生成成功": "path", "default": "/Users/wangzl/go-work/src/github.com/yezihack/m2m/output/default.ini"}
2019-02-25T15:15:49.592+0800	INFO	common/common.go:60		{"ini配置文件生成成功": "path", "default": "/Users/wangzl/go-work/src/github.com/yezihack/m2m/output/default.ini"}
2019-02-25T15:16:26.988+0800	INFO	common/common.go:60		{"ini配置文件生成成功": "path", "default": "/Users/wangzl/go-work/src/github.com/yezihack/m2m/output/default.ini"}
2019-02-25T15:17:18.155+0800	INFO	common/common.go:60		{"ini配置文件生成成功": "path", "default": "/Users/wangzl/go-work/src/github.com/yezihack/m2m/output/default.ini"}
2019-02-25T15:18:21.814+0800	INFO	common/common.go:60		{"ini配置文件生成成功": "path", "default": "/Users/wangzl/go-work/src/github.com/yezihack/m2m/output/default.ini"}
2019-02-25T15:18:21.814+0800	PANIC	mysql/mysql_init.go:30		{"ReadConfig": "option not found: host"}
github.com/ThreeKing2018/k3log/plugins/zaplog.(*Log).Panic
	/Users/wangzl/go-work/src/github.com/ThreeKing2018/k3log/plugins/zaplog/zaplog.go:142
github.com/ThreeKing2018/k3log.Panic
	/Users/wangzl/go-work/src/github.com/ThreeKing2018/k3log/init.go:58
github.com/yezihack/m2m/mysql.init.0
	/Users/wangzl/go-work/src/github.com/yezihack/m2m/mysql/mysql_init.go:30
runtime.main
	/usr/local/go/src/runtime/proc.go:186
2019-02-25T15:21:15.358+0800	INFO	common/common.go:60		{"ini配置文件生成成功": "path", "default": "/Users/wangzl/go-work/src/github.com/yezihack/m2m/output/default.ini"}
2019-02-25T15:21:25.564+0800	INFO	common/common.go:60		{"ini配置文件生成成功": "path", "default": "/Users/wangzl/go-work/src/github.com/yezihack/m2m/output/default.ini"}
2019-02-25T15:21:55.051+0800	INFO	common/common.go:60		{"ini配置文件生成成功": "path", "default": "/Users/wangzl/go-work/src/github.com/yezihack/m2m/output/default.ini"}
2019-02-25T15:22:14.889+0800	INFO	common/common.go:60		{"ini配置文件生成成功": "path", "default": "/Users/wangzl/go-work/src/github.com/yezihack/m2m/output/default.ini"}
2019-02-25T15:22:32.352+0800	INFO	common/common.go:60		{"ini配置文件生成成功": "path", "default": "/Users/wangzl/go-work/src/github.com/yezihack/m2m/output/default.ini"}
2019-02-25T15:22:32.352+0800	ERROR	mysql/mysql_init.go:30		{"default": "option not found: host"}
2019-02-25T15:22:48.874+0800	INFO	common/common.go:60		{"ini配置文件生成成功": "path", "default": "/Users/wangzl/go-work/src/github.com/yezihack/m2m/output/default.ini"}
2019-02-25T15:22:48.874+0800	ERROR	mysql/mysql_init.go:30		{"default": "option not found: host"}
2019-02-25T15:24:28.894+0800	INFO	common/common.go:60		{"ini配置文件生成成功": "path", "default": "/Users/wangzl/go-work/src/github.com/yezihack/m2m/output/default.ini"}
2019-02-25T15:25:39.913+0800	INFO	common/common.go:60		{"ini配置文件生成成功": "/Users/wangzl/go-work/src/github.com/yezihack/m2m/output/default.ini"}
2019-02-25T15:26:55.301+0800	ERROR	common/common.go:56		{"default": "config内容为空"}
2019-02-25T15:27:31.700+0800	ERROR	common/common.go:56		{"config内容为空": "null", "file": "/Users/wangzl/go-work/src/github.com/yezihack/m2mtpl/conf.tpl"}
2019-02-25T15:28:12.475+0800	ERROR	common/common.go:57		{"config内容为空": "null", "file": "/Users/wangzl/go-work/src/github.com/yezihack/m2mtpl/conf.tpl"}
2019-02-25T15:28:43.632+0800	INFO	common/common.go:64		{"ini配置文件生成成功": "/Users/wangzl/go-work/src/github.com/yezihack/m2m/output/default.ini"}
2019-02-25T17:27:24.676+0800	INFO	common/common.go:64		{"ini配置文件生成成功": "/Users/wangzl/go-work/src/github.com/yezihack/m2m/output/default.ini"}
